<?xml version="1.0" encoding="UTF-8"?>
<!-- Generated by org.testng.reporters.JUnitXMLReporter -->
<testsuite ignored="0" hostname="LAPTOP-U3SRKF77" failures="0" tests="4" name="Test" time="135.002" errors="0" timestamp="2022-03-31T13:13:48 IST">
  <testcase classname="Academy.validateNavigationbar" name="pageNavigation" time="0.07"/>
  <testcase classname="Academy.Homepage" name="pageNavigation" time="9.301"/>
  <testcase classname="Academy.Homepage" name="pageNavigation" time="18.003"/>
  <testcase classname="Academy.validateTitle" name="pageNavigation" time="0.089"/>
</testsuite> <!-- Test -->
