<?xml version="1.0" encoding="UTF-8"?>
<!-- Generated by org.testng.reporters.JUnitXMLReporter -->
<testsuite ignored="0" hostname="LAPTOP-U3SRKF77" failures="1" tests="1" name="Validating title in the page" time="12.011" errors="0" timestamp="2022-04-03T15:39:09 IST">
  <testcase classname="Academy.validateTitle" name="pageNavigation" time="0.063">
    <failure type="java.lang.AssertionError" message="expected [FEATURED 2COURSES] but found [FEATURED COURSES]">
      <![CDATA[java.lang.AssertionError: expected [FEATURED 2COURSES] but found [FEATURED COURSES]
at Academy.validateTitle.pageNavigation(validateTitle.java:38)
at java.base/java.util.ArrayList.forEach(ArrayList.java:1511)
... Removed 33 stack frames]]>
    </failure>
  </testcase> <!-- pageNavigation -->
</testsuite> <!-- Validating title in the page -->
