<?xml version="1.0" encoding="UTF-8"?>
<!-- Generated by org.testng.reporters.JUnitXMLReporter -->
<testsuite ignored="0" hostname="LAPTOP-U3SRKF77" failures="0" tests="2" name="Validating user Login" time="47.622" errors="0" timestamp="2022-04-11T14:45:11 IST">
  <testcase classname="io.cucumber.testng.AbstractTestNGCucumberTests" name="runScenario" time="24.657"/>
  <testcase classname="io.cucumber.testng.AbstractTestNGCucumberTests" name="runScenario" time="22.554"/>
</testsuite> <!-- Validating user Login -->
