<?xml version="1.0" encoding="UTF-8"?>
<!-- Generated by org.testng.reporters.JUnitXMLReporter -->
<testsuite ignored="0" hostname="LAPTOP-U3SRKF77" failures="0" tests="2" name="Validating user Login" time="59.786" errors="0" timestamp="2022-04-11T15:11:19 IST">
  <testcase classname="io.cucumber.testng.AbstractTestNGCucumberTests" name="runScenario" time="36.04"/>
  <testcase classname="io.cucumber.testng.AbstractTestNGCucumberTests" name="runScenario" time="23.386"/>
</testsuite> <!-- Validating user Login -->
